<?xml version="1.0" encoding="UTF-8"?>
<testsuite name="com.example.confluence_api.ConfluenceApiApplicationTests" tests="1" skipped="0" failures="0" errors="0" timestamp="2024-08-01T12:29:20" hostname="IT-L0083" time="1.935">
  <properties/>
  <testcase name="contextLoads()" classname="com.example.confluence_api.ConfluenceApiApplicationTests" time="1.935"/>
  <system-out><![CDATA[16:29:06.150 [Test worker] INFO org.springframework.test.context.support.AnnotationConfigContextLoaderUtils -- Could not detect default configuration classes for test class [com.example.confluence_api.ConfluenceApiApplicationTests]: ConfluenceApiApplicationTests does not declare any static, non-private, non-final, nested classes annotated with @Configuration.
16:29:06.524 [Test worker] INFO org.springframework.boot.test.context.SpringBootTestContextBootstrapper -- Found @SpringBootConfiguration com.example.confluence_api.ConfluenceApiApplication for test class com.example.confluence_api.ConfluenceApiApplicationTests

  .   ____          _            __ _ _
 /\\ / ___'_ __ _ _(_)_ __  __ _ \ \ \ \
( ( )\___ | '_ | '_| | '_ \/ _` | \ \ \ \
 \\/  ___)| |_)| | | | | || (_| |  ) ) ) )
  '  |____| .__|_| |_|_| |_\__, | / / / /
 =========|_|==============|___/=/_/_/_/

 :: Spring Boot ::                (v3.3.2)

2024-08-01T16:29:08.226+04:00  INFO 20128 --- [confluence_api] [    Test worker] c.e.c.ConfluenceApiApplicationTests      : Starting ConfluenceApiApplicationTests using Java 17.0.11 with PID 20128 (started by javid.sadigli in C:\Users\javid.sadigli\Desktop\Java projects\confluence_api)
2024-08-01T16:29:08.241+04:00  INFO 20128 --- [confluence_api] [    Test worker] c.e.c.ConfluenceApiApplicationTests      : No active profile set, falling back to 1 default profile: "default"
2024-08-01T16:29:10.653+04:00  INFO 20128 --- [confluence_api] [    Test worker] .s.d.r.c.RepositoryConfigurationDelegate : Bootstrapping Spring Data JPA repositories in DEFAULT mode.
2024-08-01T16:29:10.887+04:00  INFO 20128 --- [confluence_api] [    Test worker] .s.d.r.c.RepositoryConfigurationDelegate : Finished Spring Data repository scanning in 175 ms. Found 1 JPA repository interface.
2024-08-01T16:29:11.604+04:00  INFO 20128 --- [confluence_api] [    Test worker] o.s.cloud.context.scope.GenericScope     : BeanFactory id=7c0f00bd-5954-3c2c-9127-2d631e369df6
2024-08-01T16:29:12.531+04:00  INFO 20128 --- [confluence_api] [    Test worker] o.hibernate.jpa.internal.util.LogHelper  : HHH000204: Processing PersistenceUnitInfo [name: default]
2024-08-01T16:29:12.736+04:00  INFO 20128 --- [confluence_api] [    Test worker] org.hibernate.Version                    : HHH000412: Hibernate ORM core version 6.5.2.Final
2024-08-01T16:29:12.830+04:00  INFO 20128 --- [confluence_api] [    Test worker] o.h.c.internal.RegionFactoryInitiator    : HHH000026: Second-level cache disabled
2024-08-01T16:29:14.168+04:00  INFO 20128 --- [confluence_api] [    Test worker] o.s.o.j.p.SpringPersistenceUnitInfo      : No LoadTimeWeaver setup: ignoring JPA class transformer
2024-08-01T16:29:14.276+04:00  INFO 20128 --- [confluence_api] [    Test worker] com.zaxxer.hikari.HikariDataSource       : HikariPool-1 - Starting...
2024-08-01T16:29:14.731+04:00  INFO 20128 --- [confluence_api] [    Test worker] com.zaxxer.hikari.pool.HikariPool        : HikariPool-1 - Added connection org.postgresql.jdbc.PgConnection@2e40fdbd
2024-08-01T16:29:14.731+04:00  INFO 20128 --- [confluence_api] [    Test worker] com.zaxxer.hikari.HikariDataSource       : HikariPool-1 - Start completed.
2024-08-01T16:29:14.844+04:00  WARN 20128 --- [confluence_api] [    Test worker] org.hibernate.orm.deprecation            : HHH90000025: PostgreSQLDialect does not need to be specified explicitly using 'hibernate.dialect' (remove the property setting and it will be selected by default)
2024-08-01T16:29:17.350+04:00  INFO 20128 --- [confluence_api] [    Test worker] o.h.e.t.j.p.i.JtaPlatformInitiator       : HHH000489: No JTA platform available (set 'hibernate.transaction.jta.platform' to enable JTA platform integration)
2024-08-01T16:29:17.525+04:00  INFO 20128 --- [confluence_api] [    Test worker] j.LocalContainerEntityManagerFactoryBean : Initialized JPA EntityManagerFactory for persistence unit 'default'
2024-08-01T16:29:17.769+04:00  WARN 20128 --- [confluence_api] [    Test worker] JpaBaseConfiguration$JpaWebConfiguration : spring.jpa.open-in-view is enabled by default. Therefore, database queries may be performed during view rendering. Explicitly configure spring.jpa.open-in-view to disable this warning
2024-08-01T16:29:20.867+04:00  INFO 20128 --- [confluence_api] [    Test worker] c.e.c.ConfluenceApiApplicationTests      : Started ConfluenceApiApplicationTests in 13.845 seconds (process running for 18.04)
]]></system-out>
  <system-err><![CDATA[]]></system-err>
</testsuite>
